Jul 15 11:33:40 SYSTEM[7380]: Trying to Connect smtp.163.com:25...
Jul 15 11:33:41 SYSTEM[7380]: Connected Ok
Jul 15 11:33:41 SYSTEM[7380]: Error: Remote host returned "535 Error: authentication failed"
Jul 15 11:33:41 SYSTEM[7380]: Error: Cannot send email to <>
Jul 15 11:33:41 SYSTEM[7380]: Array send over;
Jul 15 11:33:56 SYSTEM[7380]: Trying to Connect smtp.163.com:25...
Jul 15 11:33:56 SYSTEM[7380]: Connected Ok
Jul 15 11:33:56 SYSTEM[7380]: Error: Remote host returned "535 Error: authentication failed"
Jul 15 11:33:56 SYSTEM[7380]: Error: Cannot send email to <>
Jul 15 11:33:58 SYSTEM[7380]: Trying to Connect smtp.163.com:25...
Jul 15 11:33:58 SYSTEM[7380]: Connected Ok
Jul 15 11:33:58 SYSTEM[7380]: Error: Remote host returned "535 Error: authentication failed"
Jul 15 11:33:58 SYSTEM[7380]: Error: Cannot send email to <>
Jul 15 11:33:58 SYSTEM[7380]: Trying to Connect smtp.163.com:25...
Jul 15 11:33:58 SYSTEM[7380]: Connected Ok
Jul 15 11:33:58 SYSTEM[7380]: Error: Remote host returned "535 Error: authentication failed"
Jul 15 11:33:58 SYSTEM[7380]: Error: Cannot send email to <>
Jul 15 11:33:59 SYSTEM[7380]: Trying to Connect smtp.163.com:25...
Jul 15 11:33:59 SYSTEM[7380]: Connected Ok
Jul 15 11:33:59 SYSTEM[7380]: Error: Remote host returned "535 Error: authentication failed"
Jul 15 11:33:59 SYSTEM[7380]: Error: Cannot send email to <>
Jul 15 11:35:49 SYSTEM[7380]: Trying to Connect smtp.ehaving.com:25...
Jul 15 11:35:50 SYSTEM[7380]: Connected Ok
Jul 15 11:35:50 SYSTEM[7380]: E-mail has been sent to <zjf580@163.com>
Jul 15 11:36:19 SYSTEM[7380]: Trying to Connect smtp.ehaving.com:25...
Jul 15 11:36:19 SYSTEM[7380]: Connected Ok
Jul 15 11:36:20 SYSTEM[7380]: E-mail has been sent to <zjf580@163.com>
Jul 15 11:37:45 SYSTEM[7380]: Trying to Connect smtp.ehaving.com:25...
Jul 15 11:37:45 SYSTEM[7380]: Connected Ok
Jul 15 11:37:45 SYSTEM[7380]: E-mail has been sent to <zjf580@163.com>
Jul 15 11:38:26 SYSTEM[7380]: Trying to Connect smtp.ehaving.com:25...
Jul 15 11:38:26 SYSTEM[7380]: Connected Ok
Jul 15 11:38:27 SYSTEM[7380]: E-mail has been sent to <zjf580@163.com>
Jul 15 11:40:12 SYSTEM[7380]: Trying to Connect smtp.ehaving.com:25...
Jul 15 11:40:12 SYSTEM[7380]: Connected Ok
Jul 15 11:40:13 SYSTEM[7380]: E-mail has been sent to <zjf580@163.com>
Jul 15 11:40:42 SYSTEM[7380]: Trying to Connect smtp.ehaving.com:25...
Jul 15 11:40:42 SYSTEM[7380]: Connected Ok
Jul 15 11:40:42 SYSTEM[7380]: E-mail has been sent to <zjf580@163.com>
Jul 15 11:57:29 SYSTEM[7380]: Trying to Connect smtp.ehaving.com:25...
Jul 15 11:57:29 SYSTEM[7380]: Connected Ok
Jul 15 11:57:29 SYSTEM[7380]: E-mail has been sent to <zjf580@163.com>
Jul 18 03:51:07 SYSTEM[5992]: Trying to Connect smtp.ehaving.com:25...
Jul 18 03:51:07 SYSTEM[5992]: Connected Ok
Jul 18 03:51:08 SYSTEM[5992]: E-mail has been sent to <zjf580@163.com>
Jul 18 03:51:08 SYSTEM[5992]: Trying to Connect smtp.ehaving.com:25...
Jul 18 03:51:08 SYSTEM[5992]: Connected Ok
Jul 18 03:51:08 SYSTEM[5992]: E-mail has been sent to <zjf580@163.com>
Jul 18 03:51:08 SYSTEM[5992]: Trying to Connect smtp.ehaving.com:25...
Jul 18 03:51:08 SYSTEM[5992]: Connected Ok
Jul 18 03:51:08 SYSTEM[5992]: Error: Remote host returned "500 Error: bad syntax"
Jul 18 03:51:08 SYSTEM[5992]: Error: Cannot send email to <TXT>
